<?xml version="1.0" encoding="UTF-8"?>
<testsuite name="SampleTest" tests="2" skipped="0" failures="0" errors="0" timestamp="2020-07-27T12:25:10" hostname="WKS-138" time="28.129">
  <properties/>
  <testcase name="goToFullModeTest()" classname="SampleTest" time="8.287"/>
  <testcase name="login()" classname="SampleTest" time="19.84"/>
  <system-out><![CDATA[]]></system-out>
  <system-err><![CDATA[июл 27, 2020 3:25:10 PM io.appium.java_client.remote.AppiumCommandExecutor$1 lambda$0
INFO: Detected dialect: W3C
]]></system-err>
</testsuite>
