<?xml version="1.0" encoding="UTF-8"?>
<testsuite name="SampleTest" tests="1" skipped="0" failures="0" errors="0" timestamp="2021-03-11T08:48:48" hostname="WKS-138" time="73.381">
  <properties/>
  <testcase name="enterPin()" classname="SampleTest" time="73.381"/>
  <system-out><![CDATA[]]></system-out>
  <system-err><![CDATA[2735 [Test worker] INFO com.codeborne.selenide.impl.WebDriverThreadLocalContainer - No webdriver is bound to current thread: 11 - let's create a new webdriver
мар 11, 2021 11:48:48 AM io.appium.java_client.remote.AppiumCommandExecutor$1 lambda$0
INFO: Detected dialect: W3C
32799 [Test worker] INFO com.codeborne.selenide.webdriver.WebDriverFactory - BrowserName= Version=9 Platform=LINUX
32799 [Test worker] INFO com.codeborne.selenide.webdriver.WebDriverFactory - Selenide v. 5.13.0
32799 [Test worker] INFO com.codeborne.selenide.webdriver.WebDriverFactory - Selenium WebDriver v. 3.141.59 build time: 2018-11-14T08:17:03
32800 [Test worker] INFO com.codeborne.selenide.drivercommands.CreateDriverCommand - Create webdriver in current thread 11: AndroidDriver -> io.appium.java_client.android.AndroidDriver, Capabilities: {acceptInsecureCerts=true, acceptSslCerts=true, app=C://Users//tertychnyy//IdeaProjects//omkSmokeTests//apk//app-googleplay-debug.apk, appActivity=ru.cdc.optimum.mobilecashdesk.ui.activity.CDCLoginActivity, appPackage=ru.cdc.optimum.mobilecashdesk, automationName=Appium, databaseEnabled=false, desired={acceptInsecureCerts=true, pageLoadStrategy=normal, platformName=android, acceptSslCerts=true, handlesAlerts=true, javascriptEnabled=true, takesScreenshot=true, version=9, app=C://Users//tertychnyy//IdeaProjects//omkSmokeTests//apk//app-googleplay-debug.apk, appActivity=ru.cdc.optimum.mobilecashdesk.ui.activity.CDCLoginActivity, appPackage=ru.cdc.optimum.mobilecashdesk, automationName=Appium, deviceName=REDMI 7A}, deviceApiLevel=28, deviceManufacturer=Xiaomi, deviceModel=Redmi 7A, deviceName=023b4cac9806, deviceScreenDensity=320, deviceScreenSize=720x1440, deviceUDID=023b4cac9806, handlesAlerts=true, javascriptEnabled=true, locationContextEnabled=false, networkConnectionEnabled=true, pageLoadStrategy=normal, pixelRatio=2, platform=LINUX, platformName=Android, platformVersion=9, statBarHeight=55, takesScreenshot=true, version=9, viewportRect={left=0, top=55, width=720, height=1289}, warnings={}, webStorageEnabled=false}
106283 [Test worker] INFO com.codeborne.selenide.drivercommands.CloseDriverCommand - Close webdriver: 11 -> io.appium.java_client.android.AndroidDriver, Capabilities: {acceptInsecureCerts=true, acceptSslCerts=true, app=C://Users//tertychnyy//IdeaProjects//omkSmokeTests//apk//app-googleplay-debug.apk, appActivity=ru.cdc.optimum.mobilecashdesk.ui.activity.CDCLoginActivity, appPackage=ru.cdc.optimum.mobilecashdesk, automationName=Appium, databaseEnabled=false, desired={acceptInsecureCerts=true, pageLoadStrategy=normal, platformName=android, acceptSslCerts=true, handlesAlerts=true, javascriptEnabled=true, takesScreenshot=true, version=9, app=C://Users//tertychnyy//IdeaProjects//omkSmokeTests//apk//app-googleplay-debug.apk, appActivity=ru.cdc.optimum.mobilecashdesk.ui.activity.CDCLoginActivity, appPackage=ru.cdc.optimum.mobilecashdesk, automationName=Appium, deviceName=REDMI 7A}, deviceApiLevel=28, deviceManufacturer=Xiaomi, deviceModel=Redmi 7A, deviceName=023b4cac9806, deviceScreenDensity=320, deviceScreenSize=720x1440, deviceUDID=023b4cac9806, handlesAlerts=true, javascriptEnabled=true, locationContextEnabled=false, networkConnectionEnabled=true, pageLoadStrategy=normal, pixelRatio=2, platform=LINUX, platformName=Android, platformVersion=9, statBarHeight=55, takesScreenshot=true, version=9, viewportRect={left=0, top=55, width=720, height=1289}, warnings={}, webStorageEnabled=false}
106342 [Thread-6] INFO com.codeborne.selenide.drivercommands.CloseDriverCommand - Trying to close the browser AndroidDriver ...
107832 [Test worker] INFO com.codeborne.selenide.drivercommands.CloseDriverCommand - Closed webdriver 11 in 1549 ms
]]></system-err>
</testsuite>
