<?xml version="1.0" encoding="UTF-8"?>
<testsuite name="SampleTest" tests="1" skipped="0" failures="0" errors="0" timestamp="2020-08-13T12:58:03" hostname="WKS-138" time="88.198">
  <properties/>
  <testcase name="enterPin()" classname="SampleTest" time="88.198"/>
  <system-out><![CDATA[]]></system-out>
  <system-err><![CDATA[2240 [Test worker] INFO com.codeborne.selenide.impl.WebDriverThreadLocalContainer - No webdriver is bound to current thread: 11 - let's create a new webdriver
авг 13, 2020 3:58:03 PM io.appium.java_client.remote.AppiumCommandExecutor$1 lambda$0
INFO: Detected dialect: W3C
21516 [Test worker] INFO com.codeborne.selenide.webdriver.WebDriverFactory - BrowserName= Version=9 Platform=LINUX
21517 [Test worker] INFO com.codeborne.selenide.webdriver.WebDriverFactory - Selenide v. 5.13.0
21517 [Test worker] INFO com.codeborne.selenide.webdriver.WebDriverFactory - Selenium WebDriver v. 3.141.59 build time: 2018-11-14T08:17:03
21519 [Test worker] INFO com.codeborne.selenide.drivercommands.CreateDriverCommand - Create webdriver in current thread 11: AndroidDriver -> io.appium.java_client.android.AndroidDriver, Capabilities: {acceptInsecureCerts=true, acceptSslCerts=true, app=C://Users/tertychnyy/IdeaProjects/AppiumAndroidTest/apks/app-googleplay-debug.apk, appActivity=ru.cdc.optimum.mobilecashdesk.ui.activity.CDCLoginActivity, appPackage=ru.cdc.optimum.mobilecashdesk, automationName=Appium, databaseEnabled=false, desired={acceptInsecureCerts=true, pageLoadStrategy=normal, platformName=android, acceptSslCerts=true, handlesAlerts=true, javascriptEnabled=true, takesScreenshot=true, version=9, app=C://Users/tertychnyy/IdeaProjects/AppiumAndroidTest/apks/app-googleplay-debug.apk, appActivity=ru.cdc.optimum.mobilecashdesk.ui.activity.CDCLoginActivity, appPackage=ru.cdc.optimum.mobilecashdesk, automationName=Appium, deviceName=REDMI 7A}, deviceApiLevel=28, deviceManufacturer=Xiaomi, deviceModel=Redmi 7A, deviceName=023b4cac9806, deviceScreenDensity=320, deviceScreenSize=720x1440, deviceUDID=023b4cac9806, handlesAlerts=true, javascriptEnabled=true, locationContextEnabled=false, networkConnectionEnabled=true, pageLoadStrategy=normal, pixelRatio=2, platform=LINUX, platformName=Android, platformVersion=9, statBarHeight=55, takesScreenshot=true, version=9, viewportRect={left=0, top=55, width=720, height=1289}, warnings={}, webStorageEnabled=false}
109799 [Test worker] INFO com.codeborne.selenide.drivercommands.CloseDriverCommand - Close webdriver: 11 -> io.appium.java_client.android.AndroidDriver, Capabilities: {acceptInsecureCerts=true, acceptSslCerts=true, app=C://Users/tertychnyy/IdeaProjects/AppiumAndroidTest/apks/app-googleplay-debug.apk, appActivity=ru.cdc.optimum.mobilecashdesk.ui.activity.CDCLoginActivity, appPackage=ru.cdc.optimum.mobilecashdesk, automationName=Appium, databaseEnabled=false, desired={acceptInsecureCerts=true, pageLoadStrategy=normal, platformName=android, acceptSslCerts=true, handlesAlerts=true, javascriptEnabled=true, takesScreenshot=true, version=9, app=C://Users/tertychnyy/IdeaProjects/AppiumAndroidTest/apks/app-googleplay-debug.apk, appActivity=ru.cdc.optimum.mobilecashdesk.ui.activity.CDCLoginActivity, appPackage=ru.cdc.optimum.mobilecashdesk, automationName=Appium, deviceName=REDMI 7A}, deviceApiLevel=28, deviceManufacturer=Xiaomi, deviceModel=Redmi 7A, deviceName=023b4cac9806, deviceScreenDensity=320, deviceScreenSize=720x1440, deviceUDID=023b4cac9806, handlesAlerts=true, javascriptEnabled=true, locationContextEnabled=false, networkConnectionEnabled=true, pageLoadStrategy=normal, pixelRatio=2, platform=LINUX, platformName=Android, platformVersion=9, statBarHeight=55, takesScreenshot=true, version=9, viewportRect={left=0, top=55, width=720, height=1289}, warnings={}, webStorageEnabled=false}
109818 [Thread-6] INFO com.codeborne.selenide.drivercommands.CloseDriverCommand - Trying to close the browser AndroidDriver ...
110898 [Test worker] INFO com.codeborne.selenide.drivercommands.CloseDriverCommand - Closed webdriver 11 in 1099 ms
]]></system-err>
</testsuite>
