<?xml version="1.0" encoding="UTF-8"?>
<testsuite name="SampleTest" tests="2" skipped="0" failures="0" errors="0" timestamp="2020-07-27T10:54:42" hostname="WKS-138" time="29.134">
  <properties/>
  <testcase name="goToFullModeTest()" classname="SampleTest" time="8.711"/>
  <testcase name="login()" classname="SampleTest" time="20.422"/>
  <system-out><![CDATA[]]></system-out>
  <system-err><![CDATA[июл 27, 2020 1:54:42 PM io.appium.java_client.remote.AppiumCommandExecutor$1 lambda$0
INFO: Detected dialect: W3C
]]></system-err>
</testsuite>
